<?xml version="1.0" encoding="UTF-8"?>
<!-- Generated by org.testng.reporters.JUnitReportReporter -->
<testsuite hostname="Shafayat-Dell" failures="0" tests="31" name="EBayMotorsPage.TestEBayMotors" time="0.000" errors="1" timestamp="11 Jan 2019 03:38:27 GMT" skipped="30">
  <testcase classname="EBayMotorsPage.TestEBayMotors" name="testViewDigitalManual" time="0.000">
    <skipped/>
  </testcase> <!-- testViewDigitalManual -->
  <testcase classname="EBayMotorsPage.TestEBayMotors" name="testViewFindParts" time="0.000">
    <skipped/>
  </testcase> <!-- testViewFindParts -->
  <testcase classname="EBayMotorsPage.TestEBayMotors" name="testViewExotic" time="0.000">
    <skipped/>
  </testcase> <!-- testViewExotic -->
  <testcase classname="EBayMotorsPage.TestEBayMotors" name="testViewVehiclesSalesHub" time="0.000">
    <skipped/>
  </testcase> <!-- testViewVehiclesSalesHub -->
  <testcase classname="EBayMotorsPage.TestEBayMotors" name="testViewVirtualTech" time="0.000">
    <skipped/>
  </testcase> <!-- testViewVirtualTech -->
  <testcase classname="EBayMotorsPage.TestEBayMotors" name="testViewCarTruck" time="0.000">
    <skipped/>
  </testcase> <!-- testViewCarTruck -->
  <testcase classname="EBayMotorsPage.TestEBayMotors" name="testViewPartsHub" time="0.000">
    <skipped/>
  </testcase> <!-- testViewPartsHub -->
  <testcase classname="EBayMotorsPage.TestEBayMotors" name="testViewCommercialTruckParts" time="0.000">
    <skipped/>
  </testcase> <!-- testViewCommercialTruckParts -->
  <testcase classname="EBayMotorsPage.TestEBayMotors" name="testViewCarTruckParts" time="0.000">
    <skipped/>
  </testcase> <!-- testViewCarTruckParts -->
  <testcase classname="EBayMotorsPage.TestEBayMotors" name="testViewShipTires" time="0.000">
    <skipped/>
  </testcase> <!-- testViewShipTires -->
  <testcase classname="EBayMotorsPage.TestEBayMotors" name="testViewSellParts" time="0.000">
    <skipped/>
  </testcase> <!-- testViewSellParts -->
  <testcase classname="EBayMotorsPage.TestEBayMotors" name="testViewBlog" time="0.000">
    <skipped/>
  </testcase> <!-- testViewBlog -->
  <testcase classname="EBayMotorsPage.TestEBayMotors" name="testViewClassic" time="0.000">
    <skipped/>
  </testcase> <!-- testViewClassic -->
  <testcase classname="EBayMotorsPage.TestEBayMotors" name="testViewMotorCycleParts" time="0.000">
    <skipped/>
  </testcase> <!-- testViewMotorCycleParts -->
  <testcase classname="EBayMotorsPage.TestEBayMotors" name="testViewCollectorCar" time="0.000">
    <skipped/>
  </testcase> <!-- testViewCollectorCar -->
  <testcase classname="EBayMotorsPage.TestEBayMotors" name="testViewTellWhatYouThink" time="0.000">
    <skipped/>
  </testcase> <!-- testViewTellWhatYouThink -->
  <testcase classname="EBayMotorsPage.TestEBayMotors" name="testViewWheelParts" time="0.000">
    <skipped/>
  </testcase> <!-- testViewWheelParts -->
  <testcase classname="EBayMotorsPage.TestEBayMotors" name="setUp" time="0.000">
    <error message="
Parameter &#039;url&#039; is required by BeforeMethod on method setUp but has not been marked @Optional or defined
" type="org.testng.TestNGException">
      <![CDATA[org.testng.TestNGException: 
Parameter 'url' is required by BeforeMethod on method setUp but has not been marked @Optional or defined

at org.testng.internal.Parameters.createParams(Parameters.java:290)
at org.testng.internal.Parameters.createParametersForMethod(Parameters.java:359)
at org.testng.internal.Parameters.createParameters(Parameters.java:620)
at org.testng.internal.Parameters.createConfigurationParameters(Parameters.java:190)
at org.testng.internal.Invoker.invokeConfigurations(Invoker.java:209)
at org.testng.internal.Invoker.invokeMethod(Invoker.java:523)
at org.testng.internal.Invoker.invokeTestMethod(Invoker.java:719)
at org.testng.internal.Invoker.invokeTestMethods(Invoker.java:989)
at org.testng.internal.TestMethodWorker.invokeTestMethods(TestMethodWorker.java:125)
at org.testng.internal.TestMethodWorker.run(TestMethodWorker.java:109)
at org.testng.TestRunner.privateRun(TestRunner.java:648)
at org.testng.TestRunner.run(TestRunner.java:505)
at org.testng.SuiteRunner.runTest(SuiteRunner.java:455)
at org.testng.SuiteRunner.runSequentially(SuiteRunner.java:450)
at org.testng.SuiteRunner.privateRun(SuiteRunner.java:415)
at org.testng.SuiteRunner.run(SuiteRunner.java:364)
at org.testng.SuiteRunnerWorker.runSuite(SuiteRunnerWorker.java:52)
at org.testng.SuiteRunnerWorker.run(SuiteRunnerWorker.java:84)
at org.testng.TestNG.runSuitesSequentially(TestNG.java:1208)
at org.testng.TestNG.runSuitesLocally(TestNG.java:1137)
at org.testng.TestNG.runSuites(TestNG.java:1049)
at org.testng.TestNG.run(TestNG.java:1017)
at org.apache.maven.surefire.testng.TestNGExecutor.run(TestNGExecutor.java:135)
at org.apache.maven.surefire.testng.TestNGDirectoryTestSuite.executeMulti(TestNGDirectoryTestSuite.java:193)
at org.apache.maven.surefire.testng.TestNGDirectoryTestSuite.execute(TestNGDirectoryTestSuite.java:94)
at org.apache.maven.surefire.testng.TestNGProvider.invoke(TestNGProvider.java:146)
at org.apache.maven.surefire.booter.ForkedBooter.invokeProviderInSameClassLoader(ForkedBooter.java:383)
at org.apache.maven.surefire.booter.ForkedBooter.runSuitesInProcess(ForkedBooter.java:344)
at org.apache.maven.surefire.booter.ForkedBooter.execute(ForkedBooter.java:125)
at org.apache.maven.surefire.booter.ForkedBooter.main(ForkedBooter.java:417)
]]>
    </error>
  </testcase> <!-- setUp -->
  <testcase classname="EBayMotorsPage.TestEBayMotors" name="testViewMotorsDailyDeals" time="0.000">
    <skipped/>
  </testcase> <!-- testViewMotorsDailyDeals -->
  <testcase classname="EBayMotorsPage.TestEBayMotors" name="testViewCarCare" time="0.000">
    <skipped/>
  </testcase> <!-- testViewCarCare -->
  <testcase classname="EBayMotorsPage.TestEBayMotors" name="testViewBoat" time="0.000">
    <skipped/>
  </testcase> <!-- testViewBoat -->
  <testcase classname="EBayMotorsPage.TestEBayMotors" name="testViewAtvUtvParts" time="0.000">
    <skipped/>
  </testcase> <!-- testViewAtvUtvParts -->
  <testcase classname="EBayMotorsPage.TestEBayMotors" name="testViewSendSuggestion" time="0.000">
    <skipped/>
  </testcase> <!-- testViewSendSuggestion -->
  <testcase classname="EBayMotorsPage.TestEBayMotors" name="testViewMotorCycle" time="0.000">
    <skipped/>
  </testcase> <!-- testViewMotorCycle -->
  <testcase classname="EBayMotorsPage.TestEBayMotors" name="ViewElectricHybrid" time="0.000">
    <skipped/>
  </testcase> <!-- ViewElectricHybrid -->
  <testcase classname="EBayMotorsPage.TestEBayMotors" name="testViewPowerSport" time="0.000">
    <skipped/>
  </testcase> <!-- testViewPowerSport -->
  <testcase classname="EBayMotorsPage.TestEBayMotors" name="testViewMotorsSalesEvents" time="0.000">
    <skipped/>
  </testcase> <!-- testViewMotorsSalesEvents -->
  <testcase classname="EBayMotorsPage.TestEBayMotors" name="testViewSellVehicle" time="0.000">
    <skipped/>
  </testcase> <!-- testViewSellVehicle -->
  <testcase classname="EBayMotorsPage.TestEBayMotors" name="testViewAutoMativeToolSupply" time="0.000">
    <skipped/>
  </testcase> <!-- testViewAutoMativeToolSupply -->
  <testcase classname="EBayMotorsPage.TestEBayMotors" name="testViewAllParts" time="0.000">
    <skipped/>
  </testcase> <!-- testViewAllParts -->
  <testcase classname="EBayMotorsPage.TestEBayMotors" name="testViewOther" time="0.000">
    <skipped/>
  </testcase> <!-- testViewOther -->
</testsuite> <!-- EBayMotorsPage.TestEBayMotors -->
