<?xml version="1.0" encoding="UTF-8"?>
<!-- Generated by org.testng.reporters.JUnitReportReporter -->
<testsuite hostname="Shafayat-Dell" failures="0" tests="27" name="EBayFashionPage.TestTopBrands" time="0.000" errors="1" timestamp="11 Jan 2019 03:38:27 GMT" skipped="26">
  <testcase classname="EBayFashionPage.TestTopBrands" name="testViewFreePeople" time="0.000">
    <skipped/>
  </testcase> <!-- testViewFreePeople -->
  <testcase classname="EBayFashionPage.TestTopBrands" name="testViewMadeWell" time="0.000">
    <skipped/>
  </testcase> <!-- testViewMadeWell -->
  <testcase classname="EBayFashionPage.TestTopBrands" name="testViewZara" time="0.000">
    <skipped/>
  </testcase> <!-- testViewZara -->
  <testcase classname="EBayFashionPage.TestTopBrands" name="testViewNike" time="0.000">
    <skipped/>
  </testcase> <!-- testViewNike -->
  <testcase classname="EBayFashionPage.TestTopBrands" name="setUp" time="0.000">
    <error message="
Parameter &#039;url&#039; is required by BeforeMethod on method setUp but has not been marked @Optional or defined
" type="org.testng.TestNGException">
      <![CDATA[org.testng.TestNGException: 
Parameter 'url' is required by BeforeMethod on method setUp but has not been marked @Optional or defined

at org.testng.internal.Parameters.createParams(Parameters.java:290)
at org.testng.internal.Parameters.createParametersForMethod(Parameters.java:359)
at org.testng.internal.Parameters.createParameters(Parameters.java:620)
at org.testng.internal.Parameters.createConfigurationParameters(Parameters.java:190)
at org.testng.internal.Invoker.invokeConfigurations(Invoker.java:209)
at org.testng.internal.Invoker.invokeMethod(Invoker.java:523)
at org.testng.internal.Invoker.invokeTestMethod(Invoker.java:719)
at org.testng.internal.Invoker.invokeTestMethods(Invoker.java:989)
at org.testng.internal.TestMethodWorker.invokeTestMethods(TestMethodWorker.java:125)
at org.testng.internal.TestMethodWorker.run(TestMethodWorker.java:109)
at org.testng.TestRunner.privateRun(TestRunner.java:648)
at org.testng.TestRunner.run(TestRunner.java:505)
at org.testng.SuiteRunner.runTest(SuiteRunner.java:455)
at org.testng.SuiteRunner.runSequentially(SuiteRunner.java:450)
at org.testng.SuiteRunner.privateRun(SuiteRunner.java:415)
at org.testng.SuiteRunner.run(SuiteRunner.java:364)
at org.testng.SuiteRunnerWorker.runSuite(SuiteRunnerWorker.java:52)
at org.testng.SuiteRunnerWorker.run(SuiteRunnerWorker.java:84)
at org.testng.TestNG.runSuitesSequentially(TestNG.java:1208)
at org.testng.TestNG.runSuitesLocally(TestNG.java:1137)
at org.testng.TestNG.runSuites(TestNG.java:1049)
at org.testng.TestNG.run(TestNG.java:1017)
at org.apache.maven.surefire.testng.TestNGExecutor.run(TestNGExecutor.java:135)
at org.apache.maven.surefire.testng.TestNGDirectoryTestSuite.executeMulti(TestNGDirectoryTestSuite.java:193)
at org.apache.maven.surefire.testng.TestNGDirectoryTestSuite.execute(TestNGDirectoryTestSuite.java:94)
at org.apache.maven.surefire.testng.TestNGProvider.invoke(TestNGProvider.java:146)
at org.apache.maven.surefire.booter.ForkedBooter.invokeProviderInSameClassLoader(ForkedBooter.java:383)
at org.apache.maven.surefire.booter.ForkedBooter.runSuitesInProcess(ForkedBooter.java:344)
at org.apache.maven.surefire.booter.ForkedBooter.execute(ForkedBooter.java:125)
at org.apache.maven.surefire.booter.ForkedBooter.main(ForkedBooter.java:417)
]]>
    </error>
  </testcase> <!-- setUp -->
  <testcase classname="EBayFashionPage.TestTopBrands" name="testViewAirJordan" time="0.000">
    <skipped/>
  </testcase> <!-- testViewAirJordan -->
  <testcase classname="EBayFashionPage.TestTopBrands" name="testViewSupreme" time="0.000">
    <skipped/>
  </testcase> <!-- testViewSupreme -->
  <testcase classname="EBayFashionPage.TestTopBrands" name="testViewRayBan" time="0.000">
    <skipped/>
  </testcase> <!-- testViewRayBan -->
  <testcase classname="EBayFashionPage.TestTopBrands" name="testViewAdidas" time="0.000">
    <skipped/>
  </testcase> <!-- testViewAdidas -->
  <testcase classname="EBayFashionPage.TestTopBrands" name="testViewGucci" time="0.000">
    <skipped/>
  </testcase> <!-- testViewGucci -->
  <testcase classname="EBayFashionPage.TestTopBrands" name="testViewInvicta" time="0.000">
    <skipped/>
  </testcase> <!-- testViewInvicta -->
  <testcase classname="EBayFashionPage.TestTopBrands" name="testViewOmega" time="0.000">
    <skipped/>
  </testcase> <!-- testViewOmega -->
  <testcase classname="EBayFashionPage.TestTopBrands" name="testViewLouisVuitton" time="0.000">
    <skipped/>
  </testcase> <!-- testViewLouisVuitton -->
  <testcase classname="EBayFashionPage.TestTopBrands" name="testViewDavidYurman" time="0.000">
    <skipped/>
  </testcase> <!-- testViewDavidYurman -->
  <testcase classname="EBayFashionPage.TestTopBrands" name="testViewAnthropologie" time="0.000">
    <skipped/>
  </testcase> <!-- testViewAnthropologie -->
  <testcase classname="EBayFashionPage.TestTopBrands" name="testViewToryBurch" time="0.000">
    <skipped/>
  </testcase> <!-- testViewToryBurch -->
  <testcase classname="EBayFashionPage.TestTopBrands" name="testViewLevis" time="0.000">
    <skipped/>
  </testcase> <!-- testViewLevis -->
  <testcase classname="EBayFashionPage.TestTopBrands" name="testViewRolex" time="0.000">
    <skipped/>
  </testcase> <!-- testViewRolex -->
  <testcase classname="EBayFashionPage.TestTopBrands" name="testViewCalvinKlein" time="0.000">
    <skipped/>
  </testcase> <!-- testViewCalvinKlein -->
  <testcase classname="EBayFashionPage.TestTopBrands" name="testViewCoach" time="0.000">
    <skipped/>
  </testcase> <!-- testViewCoach -->
  <testcase classname="EBayFashionPage.TestTopBrands" name="testViewChanel" time="0.000">
    <skipped/>
  </testcase> <!-- testViewChanel -->
  <testcase classname="EBayFashionPage.TestTopBrands" name="testViewMichaelKors" time="0.000">
    <skipped/>
  </testcase> <!-- testViewMichaelKors -->
  <testcase classname="EBayFashionPage.TestTopBrands" name="testViewLuluMelon" time="0.000">
    <skipped/>
  </testcase> <!-- testViewLuluMelon -->
  <testcase classname="EBayFashionPage.TestTopBrands" name="testViewRalphLauren" time="0.000">
    <skipped/>
  </testcase> <!-- testViewRalphLauren -->
  <testcase classname="EBayFashionPage.TestTopBrands" name="testViewVictoriaSecret" time="0.000">
    <skipped/>
  </testcase> <!-- testViewVictoriaSecret -->
  <testcase classname="EBayFashionPage.TestTopBrands" name="testViewJCrew" time="0.000">
    <skipped/>
  </testcase> <!-- testViewJCrew -->
  <testcase classname="EBayFashionPage.TestTopBrands" name="testViewUnderArmour" time="0.000">
    <skipped/>
  </testcase> <!-- testViewUnderArmour -->
</testsuite> <!-- EBayFashionPage.TestTopBrands -->
