<?xml version="1.0" encoding="UTF-8"?>
<!-- Generated by org.testng.reporters.JUnitReportReporter -->
<testsuite hostname="Shafayat-Dell" failures="0" tests="30" name="HomePage.TestPageElement" time="0.000" errors="1" timestamp="11 Jan 2019 03:38:27 GMT" skipped="29">
  <testcase classname="HomePage.TestPageElement" name="testViewHomeGarden" time="0.000">
    <skipped/>
  </testcase> <!-- testViewHomeGarden -->
  <testcase classname="HomePage.TestPageElement" name="testTrackProgress" time="0.000">
    <skipped/>
  </testcase> <!-- testTrackProgress -->
  <testcase classname="HomePage.TestPageElement" name="testViewSaved" time="0.000">
    <skipped/>
  </testcase> <!-- testViewSaved -->
  <testcase classname="HomePage.TestPageElement" name="testViewFashion" time="0.000">
    <skipped/>
  </testcase> <!-- testViewFashion -->
  <testcase classname="HomePage.TestPageElement" name="testTrendingOnEbay" time="0.000">
    <skipped/>
  </testcase> <!-- testTrendingOnEbay -->
  <testcase classname="HomePage.TestPageElement" name="testViewDailyDeals" time="0.000">
    <skipped/>
  </testcase> <!-- testViewDailyDeals -->
  <testcase classname="HomePage.TestPageElement" name="testJuiceIt" time="0.000">
    <skipped/>
  </testcase> <!-- testJuiceIt -->
  <testcase classname="HomePage.TestPageElement" name="testEditorsPick" time="0.000">
    <skipped/>
  </testcase> <!-- testEditorsPick -->
  <testcase classname="HomePage.TestPageElement" name="testFindTheBeat" time="0.000">
    <skipped/>
  </testcase> <!-- testFindTheBeat -->
  <testcase classname="HomePage.TestPageElement" name="testViewMotors" time="0.000">
    <skipped/>
  </testcase> <!-- testViewMotors -->
  <testcase classname="HomePage.TestPageElement" name="testSellHot" time="0.000">
    <skipped/>
  </testcase> <!-- testSellHot -->
  <testcase classname="HomePage.TestPageElement" name="testElectronics" time="0.000">
    <skipped/>
  </testcase> <!-- testElectronics -->
  <testcase classname="HomePage.TestPageElement" name="testUnderTen" time="0.000">
    <skipped/>
  </testcase> <!-- testUnderTen -->
  <testcase classname="HomePage.TestPageElement" name="setUp" time="0.000">
    <error message="
Parameter &#039;url&#039; is required by BeforeMethod on method setUp but has not been marked @Optional or defined
" type="org.testng.TestNGException">
      <![CDATA[org.testng.TestNGException: 
Parameter 'url' is required by BeforeMethod on method setUp but has not been marked @Optional or defined

at org.testng.internal.Parameters.createParams(Parameters.java:290)
at org.testng.internal.Parameters.createParametersForMethod(Parameters.java:359)
at org.testng.internal.Parameters.createParameters(Parameters.java:620)
at org.testng.internal.Parameters.createConfigurationParameters(Parameters.java:190)
at org.testng.internal.Invoker.invokeConfigurations(Invoker.java:209)
at org.testng.internal.Invoker.invokeMethod(Invoker.java:523)
at org.testng.internal.Invoker.invokeTestMethod(Invoker.java:719)
at org.testng.internal.Invoker.invokeTestMethods(Invoker.java:989)
at org.testng.internal.TestMethodWorker.invokeTestMethods(TestMethodWorker.java:125)
at org.testng.internal.TestMethodWorker.run(TestMethodWorker.java:109)
at org.testng.TestRunner.privateRun(TestRunner.java:648)
at org.testng.TestRunner.run(TestRunner.java:505)
at org.testng.SuiteRunner.runTest(SuiteRunner.java:455)
at org.testng.SuiteRunner.runSequentially(SuiteRunner.java:450)
at org.testng.SuiteRunner.privateRun(SuiteRunner.java:415)
at org.testng.SuiteRunner.run(SuiteRunner.java:364)
at org.testng.SuiteRunnerWorker.runSuite(SuiteRunnerWorker.java:52)
at org.testng.SuiteRunnerWorker.run(SuiteRunnerWorker.java:84)
at org.testng.TestNG.runSuitesSequentially(TestNG.java:1208)
at org.testng.TestNG.runSuitesLocally(TestNG.java:1137)
at org.testng.TestNG.runSuites(TestNG.java:1049)
at org.testng.TestNG.run(TestNG.java:1017)
at org.apache.maven.surefire.testng.TestNGExecutor.run(TestNGExecutor.java:135)
at org.apache.maven.surefire.testng.TestNGDirectoryTestSuite.executeMulti(TestNGDirectoryTestSuite.java:193)
at org.apache.maven.surefire.testng.TestNGDirectoryTestSuite.execute(TestNGDirectoryTestSuite.java:94)
at org.apache.maven.surefire.testng.TestNGProvider.invoke(TestNGProvider.java:146)
at org.apache.maven.surefire.booter.ForkedBooter.invokeProviderInSameClassLoader(ForkedBooter.java:383)
at org.apache.maven.surefire.booter.ForkedBooter.runSuitesInProcess(ForkedBooter.java:344)
at org.apache.maven.surefire.booter.ForkedBooter.execute(ForkedBooter.java:125)
at org.apache.maven.surefire.booter.ForkedBooter.main(ForkedBooter.java:417)
]]>
    </error>
  </testcase> <!-- setUp -->
  <testcase classname="HomePage.TestPageElement" name="testBusinessIndustrial" time="0.000">
    <skipped/>
  </testcase> <!-- testBusinessIndustrial -->
  <testcase classname="HomePage.TestPageElement" name="testFeaturedSale" time="0.000">
    <skipped/>
  </testcase> <!-- testFeaturedSale -->
  <testcase classname="HomePage.TestPageElement" name="testCollectible" time="0.000">
    <skipped/>
  </testcase> <!-- testCollectible -->
  <testcase classname="HomePage.TestPageElement" name="testViewToys" time="0.000">
    <skipped/>
  </testcase> <!-- testViewToys -->
  <testcase classname="HomePage.TestPageElement" name="testLoveYourLook" time="0.000">
    <skipped/>
  </testcase> <!-- testLoveYourLook -->
  <testcase classname="HomePage.TestPageElement" name="testDeals" time="0.000">
    <skipped/>
  </testcase> <!-- testDeals -->
  <testcase classname="HomePage.TestPageElement" name="testMusic" time="0.000">
    <skipped/>
  </testcase> <!-- testMusic -->
  <testcase classname="HomePage.TestPageElement" name="testViewLogo" time="0.000">
    <skipped/>
  </testcase> <!-- testViewLogo -->
  <testcase classname="HomePage.TestPageElement" name="testActiveWearWomen" time="0.000">
    <skipped/>
  </testcase> <!-- testActiveWearWomen -->
  <testcase classname="HomePage.TestPageElement" name="testGearUp" time="0.000">
    <skipped/>
  </testcase> <!-- testGearUp -->
  <testcase classname="HomePage.TestPageElement" name="testDailyDealsAll" time="0.000">
    <skipped/>
  </testcase> <!-- testDailyDealsAll -->
  <testcase classname="HomePage.TestPageElement" name="testViewHome" time="0.000">
    <skipped/>
  </testcase> <!-- testViewHome -->
  <testcase classname="HomePage.TestPageElement" name="testFuelYourFitness" time="0.000">
    <skipped/>
  </testcase> <!-- testFuelYourFitness -->
  <testcase classname="HomePage.TestPageElement" name="testPlayPause" time="0.000">
    <skipped/>
  </testcase> <!-- testPlayPause -->
  <testcase classname="HomePage.TestPageElement" name="testActiveWearMen" time="0.000">
    <skipped/>
  </testcase> <!-- testActiveWearMen -->
  <testcase classname="HomePage.TestPageElement" name="testHelpContact" time="0.000">
    <skipped/>
  </testcase> <!-- testHelpContact -->
</testsuite> <!-- HomePage.TestPageElement -->
