<?xml version="1.0" encoding="UTF-8"?>
<!-- Generated by org.testng.reporters.JUnitReportReporter -->
<testsuite hostname="Shafayat-Dell" failures="0" tests="13" name="EBayFashionPage.TestCategory" time="0.000" errors="1" timestamp="11 Jan 2019 03:38:27 GMT" skipped="12">
  <testcase classname="EBayFashionPage.TestCategory" name="testViewMensClothing" time="0.000">
    <skipped/>
  </testcase> <!-- testViewMensClothing -->
  <testcase classname="EBayFashionPage.TestCategory" name="testClickViewJewelry" time="0.000">
    <skipped/>
  </testcase> <!-- testClickViewJewelry -->
  <testcase classname="EBayFashionPage.TestCategory" name="testViewBeauty" time="0.000">
    <skipped/>
  </testcase> <!-- testViewBeauty -->
  <testcase classname="EBayFashionPage.TestCategory" name="setUp" time="0.000">
    <error message="
Parameter &#039;url&#039; is required by BeforeMethod on method setUp but has not been marked @Optional or defined
" type="org.testng.TestNGException">
      <![CDATA[org.testng.TestNGException: 
Parameter 'url' is required by BeforeMethod on method setUp but has not been marked @Optional or defined

at org.testng.internal.Parameters.createParams(Parameters.java:290)
at org.testng.internal.Parameters.createParametersForMethod(Parameters.java:359)
at org.testng.internal.Parameters.createParameters(Parameters.java:620)
at org.testng.internal.Parameters.createConfigurationParameters(Parameters.java:190)
at org.testng.internal.Invoker.invokeConfigurations(Invoker.java:209)
at org.testng.internal.Invoker.invokeMethod(Invoker.java:523)
at org.testng.internal.Invoker.invokeTestMethod(Invoker.java:719)
at org.testng.internal.Invoker.invokeTestMethods(Invoker.java:989)
at org.testng.internal.TestMethodWorker.invokeTestMethods(TestMethodWorker.java:125)
at org.testng.internal.TestMethodWorker.run(TestMethodWorker.java:109)
at org.testng.TestRunner.privateRun(TestRunner.java:648)
at org.testng.TestRunner.run(TestRunner.java:505)
at org.testng.SuiteRunner.runTest(SuiteRunner.java:455)
at org.testng.SuiteRunner.runSequentially(SuiteRunner.java:450)
at org.testng.SuiteRunner.privateRun(SuiteRunner.java:415)
at org.testng.SuiteRunner.run(SuiteRunner.java:364)
at org.testng.SuiteRunnerWorker.runSuite(SuiteRunnerWorker.java:52)
at org.testng.SuiteRunnerWorker.run(SuiteRunnerWorker.java:84)
at org.testng.TestNG.runSuitesSequentially(TestNG.java:1208)
at org.testng.TestNG.runSuitesLocally(TestNG.java:1137)
at org.testng.TestNG.runSuites(TestNG.java:1049)
at org.testng.TestNG.run(TestNG.java:1017)
at org.apache.maven.surefire.testng.TestNGExecutor.run(TestNGExecutor.java:135)
at org.apache.maven.surefire.testng.TestNGDirectoryTestSuite.executeMulti(TestNGDirectoryTestSuite.java:193)
at org.apache.maven.surefire.testng.TestNGDirectoryTestSuite.execute(TestNGDirectoryTestSuite.java:94)
at org.apache.maven.surefire.testng.TestNGProvider.invoke(TestNGProvider.java:146)
at org.apache.maven.surefire.booter.ForkedBooter.invokeProviderInSameClassLoader(ForkedBooter.java:383)
at org.apache.maven.surefire.booter.ForkedBooter.runSuitesInProcess(ForkedBooter.java:344)
at org.apache.maven.surefire.booter.ForkedBooter.execute(ForkedBooter.java:125)
at org.apache.maven.surefire.booter.ForkedBooter.main(ForkedBooter.java:417)
]]>
    </error>
  </testcase> <!-- setUp -->
  <testcase classname="EBayFashionPage.TestCategory" name="testViewVintage" time="0.000">
    <skipped/>
  </testcase> <!-- testViewVintage -->
  <testcase classname="EBayFashionPage.TestCategory" name="testViewCultureEthnicClothing" time="0.000">
    <skipped/>
  </testcase> <!-- testViewCultureEthnicClothing -->
  <testcase classname="EBayFashionPage.TestCategory" name="testViewHealth" time="0.000">
    <skipped/>
  </testcase> <!-- testViewHealth -->
  <testcase classname="EBayFashionPage.TestCategory" name="testViewHandbagAccessories" time="0.000">
    <skipped/>
  </testcase> <!-- testViewHandbagAccessories -->
  <testcase classname="EBayFashionPage.TestCategory" name="testViewKidsBaby" time="0.000">
    <skipped/>
  </testcase> <!-- testViewKidsBaby -->
  <testcase classname="EBayFashionPage.TestCategory" name="testClickViewShoes" time="0.000">
    <skipped/>
  </testcase> <!-- testClickViewShoes -->
  <testcase classname="EBayFashionPage.TestCategory" name="testViewWatches" time="0.000">
    <skipped/>
  </testcase> <!-- testViewWatches -->
  <testcase classname="EBayFashionPage.TestCategory" name="testViewLogo" time="0.000">
    <skipped/>
  </testcase> <!-- testViewLogo -->
  <testcase classname="EBayFashionPage.TestCategory" name="testViewSportsFanClothing" time="0.000">
    <skipped/>
  </testcase> <!-- testViewSportsFanClothing -->
</testsuite> <!-- EBayFashionPage.TestCategory -->
